MisuCastle/build/outputs/logs/manifest-merger-debug-report.txt
-- Merging decision tree log ---
manifest
ADDED from src\main\AndroidManifest.xml:2:1-83:12
	package
		ADDED from src\main\AndroidManifest.xml:3:5-35
		INJECTED from src\main\AndroidManifest.xml
		INJECTED from src\main\AndroidManifest.xml
	android:versionName
		INJECTED from src\main\AndroidManifest.xml
		INJECTED from src\main\AndroidManifest.xml
	xmlns:android
		ADDED from src\main\AndroidManifest.xml:4:5-63
	android:versionCode
		INJECTED from src\main\AndroidManifest.xml
		INJECTED from src\main\AndroidManifest.xml
uses-permission#android.permission.CALL_PHONE
ADDED from src\main\AndroidManifest.xml:7:5-68
	android:name
		ADDED from src\main\AndroidManifest.xml:7:22-66
uses-permission#android.permission.CAMERA
ADDED from src\main\AndroidManifest.xml:8:5-64
	android:name
		ADDED from src\main\AndroidManifest.xml:8:22-62
uses-permission#com.android.launcher.permission.READ_SETTINGS
ADDED from src\main\AndroidManifest.xml:9:5-84
	android:name
		ADDED from src\main\AndroidManifest.xml:9:22-82
uses-permission#android.permission.ACCESS_COARSE_LOCATION
ADDED from src\main\AndroidManifest.xml:11:5-80
	android:name
		ADDED from src\main\AndroidManifest.xml:11:22-78
uses-permission#android.permission.ACCESS_FINE_LOCATION
ADDED from src\main\AndroidManifest.xml:13:5-78
	android:name
		ADDED from src\main\AndroidManifest.xml:13:22-76
uses-permission#android.permission.ACCESS_WIFI_STATE
ADDED from src\main\AndroidManifest.xml:15:5-75
	android:name
		ADDED from src\main\AndroidManifest.xml:15:22-73
uses-permission#android.permission.ACCESS_NETWORK_STATE
ADDED from src\main\AndroidManifest.xml:17:5-78
	android:name
		ADDED from src\main\AndroidManifest.xml:17:22-76
uses-permission#android.permission.READ_PHONE_STATE
ADDED from src\main\AndroidManifest.xml:19:5-74
	android:name
		ADDED from src\main\AndroidManifest.xml:19:22-72
uses-permission#android.permission.MOUNT_UNMOUNT_FILESYSTEMS
ADDED from src\main\AndroidManifest.xml:21:5-83
	android:name
		ADDED from src\main\AndroidManifest.xml:21:22-81
uses-permission#android.permission.INTERNET
ADDED from src\main\AndroidManifest.xml:23:5-66
	android:name
		ADDED from src\main\AndroidManifest.xml:23:22-64
uses-permission#android.permission.WRITE_EXTERNAL_STORAGE
ADDED from src\main\AndroidManifest.xml:24:5-80
	android:name
		ADDED from src\main\AndroidManifest.xml:24:22-78
uses-permission#android.permission.READ_EXTERNAL_STORAGE
ADDED from src\main\AndroidManifest.xml:25:5-79
	android:name
		ADDED from src\main\AndroidManifest.xml:25:22-77
application
ADDED from src\main\AndroidManifest.xml:27:5-81:19
MERGED from [org.xutils:xutils:3.3.22] AndroidManifest.xml:12:5-20
MERGED from [com.android.support:appcompat-v7:23.1.1] AndroidManifest.xml:22:5-20
MERGED from [com.android.support:support-v4:23.1.1] AndroidManifest.xml:22:5-20
MERGED from [com.google.android.gms:play-services-appindexing:8.1.0] AndroidManifest.xml:19:5-20
MERGED from [com.google.android.gms:play-services-basement:8.1.0] AndroidManifest.xml:20:5-24:19
MERGED from [com.android.support:support-v4:23.1.1] AndroidManifest.xml:22:5-20
MERGED from [com.android.support:support-v4:23.1.1] AndroidManifest.xml:22:5-20
	android:label
		ADDED from src\main\AndroidManifest.xml:31:9-41
	android:supportsRtl
		ADDED from src\main\AndroidManifest.xml:32:9-35
	android:allowBackup
		ADDED from src\main\AndroidManifest.xml:29:9-35
	android:icon
		ADDED from src\main\AndroidManifest.xml:30:9-43
	android:theme
		ADDED from src\main\AndroidManifest.xml:33:9-65
	android:name
		ADDED from src\main\AndroidManifest.xml:28:9-59
activity#com.caozhiliang.main.SplashActivity
ADDED from src\main\AndroidManifest.xml:34:9-40:20
	android:name
		ADDED from src\main\AndroidManifest.xml:34:19-49
intent-filter#android.intent.action.MAIN+android.intent.category.LAUNCHER
ADDED from src\main\AndroidManifest.xml:35:13-39:29
action#android.intent.action.MAIN
ADDED from src\main\AndroidManifest.xml:36:17-68
	android:name
		ADDED from src\main\AndroidManifest.xml:36:25-66
category#android.intent.category.LAUNCHER
ADDED from src\main\AndroidManifest.xml:38:17-76
	android:name
		ADDED from src\main\AndroidManifest.xml:38:27-74
activity#com.caozhiliang.main.MainActivity
ADDED from src\main\AndroidManifest.xml:42:9-49
	android:name
		ADDED from src\main\AndroidManifest.xml:42:19-47
activity#com.caozhiliang.main.MyOrder
ADDED from src\main\AndroidManifest.xml:43:9-44
	android:name
		ADDED from src\main\AndroidManifest.xml:43:19-42
activity#com.caozhiliang.fragment.Order_addres_tianjia
ADDED from src\main\AndroidManifest.xml:44:9-81
	android:name
		ADDED from src\main\AndroidManifest.xml:44:19-79
activity#com.caozhiliang.mysetting.Mine_cake
ADDED from src\main\AndroidManifest.xml:45:9-71
	android:name
		ADDED from src\main\AndroidManifest.xml:45:19-69
activity#com.caozhiliang.mysetting.Mine_collection
ADDED from src\main\AndroidManifest.xml:46:9-77
	android:name
		ADDED from src\main\AndroidManifest.xml:46:19-75
activity#com.caozhiliang.mysetting.Mine_new_version
ADDED from src\main\AndroidManifest.xml:47:9-78
	android:name
		ADDED from src\main\AndroidManifest.xml:47:19-76
activity#com.caozhiliang.mysetting.Mine_order
ADDED from src\main\AndroidManifest.xml:48:9-72
	android:name
		ADDED from src\main\AndroidManifest.xml:48:19-70
activity#com.caozhiliang.mysetting.Mine_person
ADDED from src\main\AndroidManifest.xml:49:9-73
	android:name
		ADDED from src\main\AndroidManifest.xml:49:19-71
activity#com.caozhiliang.mysetting.Mine_shangjia
ADDED from src\main\AndroidManifest.xml:50:9-75
	android:name
		ADDED from src\main\AndroidManifest.xml:50:19-73
activity#com.caozhiliang.mysetting.Mine_person_touxiang
ADDED from src\main\AndroidManifest.xml:51:9-82
	android:name
		ADDED from src\main\AndroidManifest.xml:51:19-80
activity#com.caozhiliang.mysetting.Mine_person_addres
ADDED from src\main\AndroidManifest.xml:52:9-80
	android:name
		ADDED from src\main\AndroidManifest.xml:52:19-78
activity#com.caozhiliang.mysetting.Mine_person_key
ADDED from src\main\AndroidManifest.xml:53:9-77
	android:name
		ADDED from src\main\AndroidManifest.xml:53:19-75
activity#com.caozhiliang.mysetting.Mine_person_name
ADDED from src\main\AndroidManifest.xml:54:9-78
	android:name
		ADDED from src\main\AndroidManifest.xml:54:19-76
activity#com.caozhiliang.mysetting.Mine_person_phone
ADDED from src\main\AndroidManifest.xml:55:9-79
	android:name
		ADDED from src\main\AndroidManifest.xml:55:19-77
activity#com.caozhiliang.mysetting.Mine_person_addres_tianjia
ADDED from src\main\AndroidManifest.xml:56:9-88
	android:name
		ADDED from src\main\AndroidManifest.xml:56:19-86
activity#com.caozhiliang.mysetting.Zhuce
ADDED from src\main\AndroidManifest.xml:57:9-67
	android:name
		ADDED from src\main\AndroidManifest.xml:57:19-65
activity#com.caozhiliang.mysetting.Denglu
ADDED from src\main\AndroidManifest.xml:58:9-68
	android:name
		ADDED from src\main\AndroidManifest.xml:58:19-66
activity#com.caozhiliang.fragment.StoreDetails
ADDED from src\main\AndroidManifest.xml:59:9-73
	android:name
		ADDED from src\main\AndroidManifest.xml:59:19-71
activity#com.caozhiliang.fragment.Order
ADDED from src\main\AndroidManifest.xml:60:9-66
	android:name
		ADDED from src\main\AndroidManifest.xml:60:19-64
activity#com.caozhiliang.fragment.StoreDetailsTrade
ADDED from src\main\AndroidManifest.xml:61:9-78
	android:name
		ADDED from src\main\AndroidManifest.xml:61:19-76
activity#com.caozhiliang.fragment.TradeDetails
ADDED from src\main\AndroidManifest.xml:62:9-73
	android:name
		ADDED from src\main\AndroidManifest.xml:62:19-71
activity#com.caozhiliang.fragment.PayMent
ADDED from src\main\AndroidManifest.xml:63:9-68
	android:name
		ADDED from src\main\AndroidManifest.xml:63:19-66
activity#com.caozhiliang.fragment.Evaluate
ADDED from src\main\AndroidManifest.xml:64:9-69
	android:name
		ADDED from src\main\AndroidManifest.xml:64:19-67
activity#com.caozhiliang.fragment.Order_person_addres
ADDED from src\main\AndroidManifest.xml:65:9-80
	android:name
		ADDED from src\main\AndroidManifest.xml:65:19-78
activity#com.caozhiliang.fragment.TradeDetailStore
ADDED from src\main\AndroidManifest.xml:66:9-77
	android:name
		ADDED from src\main\AndroidManifest.xml:66:19-75
activity#com.caozhiliang.location.ActivitySelectCity
ADDED from src\main\AndroidManifest.xml:67:9-69:20
	android:name
		ADDED from src\main\AndroidManifest.xml:67:19-77
meta-data#com.google.android.gms.version
ADDED from src\main\AndroidManifest.xml:74:9-76:68
MERGED from [com.google.android.gms:play-services-basement:8.1.0] AndroidManifest.xml:21:9-23:69
	android:value
		ADDED from src\main\AndroidManifest.xml:76:13-66
	android:name
		ADDED from src\main\AndroidManifest.xml:75:13-58
meta-data#com.baidu.lbsapi.API_KEY
ADDED from src\main\AndroidManifest.xml:77:9-79:63
	android:value
		ADDED from src\main\AndroidManifest.xml:79:13-61
	android:name
		ADDED from src\main\AndroidManifest.xml:78:13-52
uses-sdk
INJECTED from src\main\AndroidManifest.xml reason: use-sdk injection requested
MERGED from [org.xutils:xutils:3.3.22] AndroidManifest.xml:8:5-10:41
MERGED from [com.android.support:appcompat-v7:23.1.1] AndroidManifest.xml:20:5-43
MERGED from [com.android.support:support-v4:23.1.1] AndroidManifest.xml:20:5-43
MERGED from [com.google.android.gms:play-services-appindexing:8.1.0] AndroidManifest.xml:18:5-42
MERGED from [com.google.android.gms:play-services-basement:8.1.0] AndroidManifest.xml:18:5-42
MERGED from [com.android.support:support-v4:23.1.1] AndroidManifest.xml:20:5-43
MERGED from [My:viewPagerIndicatorLibrary:unspecified] AndroidManifest.xml:7:5-9:41
MERGED from [com.android.support:support-v4:23.1.1] AndroidManifest.xml:20:5-43
	android:targetSdkVersion
		INJECTED from src\main\AndroidManifest.xml
		INJECTED from src\main\AndroidManifest.xml
	android:minSdkVersion
		INJECTED from src\main\AndroidManifest.xml
		INJECTED from src\main\AndroidManifest.xml